<?xml version="1.0" encoding="UTF-8"?>
<!-- Generated by org.testng.reporters.JUnitXMLReporter -->
<testsuite hostname="LAPTOP-2UNIV4OK" ignored="0" name="Edge Test" tests="6" failures="0" timestamp="13 May 2019 03:37:41 GMT" time="1.497" errors="0">
  <testcase name="@BeforeTest openBrowser" time="1.468" classname="testNGClasses.CrossBrowserTesting">
    <failure type="org.openqa.selenium.WebDriverException" message="Unable to parse remote response: Unknown error">
      <![CDATA[org.openqa.selenium.WebDriverException: Unable to parse remote response: Unknown error
at org.openqa.selenium.remote.ProtocolHandshake.createSession(ProtocolHandshake.java:115)
at org.openqa.selenium.remote.ProtocolHandshake.createSession(ProtocolHandshake.java:74)
at org.openqa.selenium.remote.HttpCommandExecutor.execute(HttpCommandExecutor.java:136)
at org.openqa.selenium.remote.service.DriverCommandExecutor.execute(DriverCommandExecutor.java:83)
at org.openqa.selenium.remote.RemoteWebDriver.execute(RemoteWebDriver.java:552)
at org.openqa.selenium.remote.RemoteWebDriver.startSession(RemoteWebDriver.java:213)
at org.openqa.selenium.remote.RemoteWebDriver.<init>(RemoteWebDriver.java:131)
at org.openqa.selenium.edge.EdgeDriver.<init>(EdgeDriver.java:141)
at org.openqa.selenium.edge.EdgeDriver.<init>(EdgeDriver.java:96)
at testNGClasses.CrossBrowserTesting.openBrowser(CrossBrowserTesting.java:36)
at java.util.concurrent.FutureTask.run(Unknown Source)
at java.util.concurrent.ThreadPoolExecutor.runWorker(Unknown Source)
at java.util.concurrent.ThreadPoolExecutor$Worker.run(Unknown Source)
at java.lang.Thread.run(Unknown Source)
Caused by: org.openqa.selenium.json.JsonException: Unable to determine type from: U. Last 1 characters read: U
Build info: version: '3.141.59', revision: 'e82be7d358', time: '2018-11-14T08:25:48'
System info: host: 'LAPTOP-2UNIV4OK', ip: '192.168.0.3', os.name: 'Windows 10', os.arch: 'amd64', os.version: '10.0', java.version: '1.8.0_171'
Driver info: driver.version: EdgeDriver
at org.openqa.selenium.json.JsonInput.peek(JsonInput.java:122)
at org.openqa.selenium.json.JsonTypeCoercer.lambda$null$6(JsonTypeCoercer.java:140)
at org.openqa.selenium.json.JsonTypeCoercer.coerce(JsonTypeCoercer.java:126)
at org.openqa.selenium.json.Json.toType(Json.java:69)
at org.openqa.selenium.json.Json.toType(Json.java:55)
at org.openqa.selenium.json.Json.toType(Json.java:50)
at org.openqa.selenium.remote.ProtocolHandshake.createSession(ProtocolHandshake.java:112)
... 28 more
... Removed 15 stack frames]]>
    </failure>
  </testcase> <!-- @BeforeTest openBrowser -->
  <testcase name="@AfterTest closeBrowser" time="0.0" classname="testNGClasses.CrossBrowserTesting">
    <skipped/>
  </testcase> <!-- @AfterTest closeBrowser -->
  <testcase name="verifyFBTitle" time="0.0" classname="testNGClasses.CrossBrowserTesting">
    <skipped/>
  </testcase> <!-- verifyFBTitle -->
  <testcase name="createAccountText" time="0.0" classname="testNGClasses.CrossBrowserTesting">
    <skipped/>
  </testcase> <!-- createAccountText -->
  <testcase name="welcomeMessage" time="0.0" classname="testNGClasses.CrossBrowserTesting">
    <skipped/>
  </testcase> <!-- welcomeMessage -->
  <testcase name="loginButton" time="0.0" classname="testNGClasses.CrossBrowserTesting">
    <skipped/>
  </testcase> <!-- loginButton -->
  <testcase name="femaleRadioButton" time="0.0" classname="testNGClasses.CrossBrowserTesting">
    <skipped/>
  </testcase> <!-- femaleRadioButton -->
  <testcase name="logo" time="0.0" classname="testNGClasses.CrossBrowserTesting">
    <skipped/>
  </testcase> <!-- logo -->
</testsuite> <!-- Edge Test -->
