<?xml version="1.0" encoding="UTF-8"?>
<!-- Generated by org.testng.reporters.JUnitXMLReporter -->
<testsuite hostname="LAPTOP-2UNIV4OK" ignored="0" name="Test" tests="6" failures="0" timestamp="14 May 2019 13:54:21 GMT" time="8.87" errors="0">
  <testcase name="verifyFBTitle" time="0.026" classname="testNGClasses.CrossBrowserTesting"/>
  <testcase name="createAccountText" time="0.069" classname="testNGClasses.CrossBrowserTesting"/>
  <testcase name="welcomeMessage" time="0.046" classname="testNGClasses.CrossBrowserTesting"/>
  <testcase name="loginButton" time="0.027" classname="testNGClasses.CrossBrowserTesting"/>
  <testcase name="femaleRadioButton" time="0.027" classname="testNGClasses.CrossBrowserTesting"/>
  <testcase name="logo" time="0.032" classname="testNGClasses.CrossBrowserTesting"/>
</testsuite> <!-- Test -->
